708475.297871
694251.653437
698418.917436
690267.887042
686812.502024
669937.872271
679680.108934
675433.950046
640361.204744
672698.549468
675401.496656
660020.167044
663221.970975
648758.935407
661309.565420
661337.625540
665348.456492
652447.090428
668923.587091
660246.079482
650583.908865
643558.713815
661103.230942
660426.591315
648666.489305
654969.917286
661770.990971
653991.845143
663905.487719
619639.146183
657278.560546
648238.180492
656161.148474
658009.250075
637852.180208
657730.435148
659910.493909
647195.884088
633238.114410
637701.512737
647846.062822
659010.658602
648234.114006
650807.095189
653517.550290
656790.734441
655962.174426
654162.326108
655195.076536
646709.910041
642630.697920
633931.154494
655663.839865
632679.110242
634319.762224
623250.057956
643150.994738
645168.625992
650713.888578
647131.545403
625818.146819
644913.351038
647908.236816
622880.808485
637596.204798
635905.054928
651668.800571
615243.641131
619394.892081
625135.801334
637501.905180
647780.784497
645099.887501
626387.474548
636975.739400
637176.423500
644761.863624
643140.051704
619367.601762
630244.646067
647327.657917
638824.487234
641215.645560
636709.531394
614675.720476
640035.207684
628778.699081
641649.304573
623437.351848
629688.877967
623756.850171
630011.809671
618515.074442
629454.034659
627074.949782
624157.340846
619059.563519
628720.717531
615376.594701
604363.395088
617761.864024
592331.507590
605209.364470
597730.482470
603132.620461
612654.705100
609391.578901
595514.118586
565930.210952
583972.630379
589234.179395
593787.105971
603668.622207
584156.154062
571917.896920
585640.353430
591793.270986
572777.283221
572462.198734
561590.764516
579424.745778
580682.252509
571298.300429
566569.864965
576014.720685
558727.967110
563839.955810
560675.910245
565692.996257
552541.668708
559135.014574
545459.097714
536958.787987
554572.815358
564716.470558
546989.562722
539533.029487
533041.667870
525960.650604
516786.364127
511648.731576
530332.035872
514128.457096
516434.666816
516850.048190
484654.409331
513888.912877
506004.187086
502834.927273
499943.865114
498452.389803
507122.987698
504025.228767
496879.354964
500875.490352
504196.004156
490591.196472
483075.489460
490079.372792
483801.119829
478408.204654
473825.740149
487469.609582
471187.841074
481860.016025
477566.980195
461360.137057
469895.359824
470770.651808
475157.389278
464604.944716
464434.963210
454075.842552
449469.880070
458055.185120
445798.460281
448745.359231
434038.038990
441410.334071
443389.419442
440323.524080
426853.571359
441735.393709
442768.829385
431123.810320
432869.081692
432316.023901
429318.207614
431961.241458
420884.187256
426943.737981
427585.529512
421430.217854
431186.222757
404576.974948
394208.028279
416441.420365
418987.598795
410168.838675
403873.918216
400293.390895
393279.756594
396716.627557
400030.958532
402526.433966
387232.990252
392990.074783
397467.270017
392351.673601
393603.852547
388179.768835
381323.298809
389927.875529
379386.806975
382076.269609
373567.566103
358867.306987
362670.597020
373020.495936
375155.761677
373591.470593
366937.128077
365611.496988
365283.754044
361973.648527
358900.788874
350295.789272
357083.907088
354575.013889
362898.267123
345342.131423
340079.237877
331301.777712
332096.552569
332486.573966
334957.617651
342662.335398
333431.759022
338792.656703
339318.837897
328999.507292
316769.064357
325008.556539
329924.912406
317755.726065
324041.018913
322192.346969
316664.284883
315418.323524
312975.141632
298452.746258
304667.004827
309665.886444
302091.248194
295766.888032
301051.774953
298096.548684
286235.718434
267145.094016
284979.008035
277103.594788
251908.771084
276328.807476
275871.003755
278936.789087
258104.660288
258108.889396
244410.474010
258890.881361
256307.725686
261256.252548
255459.736875
252719.739631
247350.386001
242550.515085
242643.461101
239858.712435
228693.918468
236371.712904
220649.373643
215338.311508
208288.121914
222483.235785
227364.549811
219897.133370
215970.929221
212232.833479
198570.363640
197768.945557
197771.274945
193400.809054
195042.192455
190502.122436
189034.610486
182127.334961
177457.989253
179889.575061
166817.324802
172188.993641
169961.957504
163412.971879
162077.046013
156626.993829
153322.738475
153435.079846
152272.270856
146313.360056
144054.776363
144832.994786
142544.086624
134236.392187
136912.375031
134749.112906
132674.596999
130974.028628
128609.018194
127930.666598
125800.638347
122029.140832
120459.280047
117913.201178
118768.613889
115139.649138
114781.509094
110407.250436
112460.812697
111965.522873
108576.961615
106666.948776
106046.246832
105434.004081
102756.805193
102166.673461
101231.271881
100683.024183
97886.668465
99870.330901
98011.505032
96540.754553
97422.533622
95104.438707
95108.076117
94167.782762
94682.173165
93710.241359
93427.112738
92187.937557
92781.388178
90621.784418
91783.660796
90906.323878
90164.626733
90017.427042
89826.444267
88561.479758
88454.335065
88302.966542
87186.971943
87343.005947
86939.818310
86037.718467
86027.229338
84502.456062
84889.114530
84845.800228
84525.880971
84397.735503
83756.783331
83730.204818
83150.121759
83268.175230
82861.052191
82696.223348
82579.489896
82126.842741
81984.940205
81785.081163
81790.717666
81445.873703
81348.572406
81070.115338
80540.705946
80540.705946
80540.705946
80038.912277
80288.631458
79914.491690
80108.721125
79923.007665
79914.491690
79796.346291
79719.925676
79556.648040
79466.711238
79466.711238
79417.849742
79311.186996
79101.116310
79101.116310
79050.546706
79050.546706
79050.546706
78997.724103
78997.724103
78917.344076
78917.344076
78917.344076
78850.546706
78850.546706
78804.564857
78804.564857
78769.029760
78723.047911
78723.047911
78723.047911
78711.428485
78711.428485
78711.428485
78665.446636
78665.446636
78665.446636
78665.446636
78665.446636
78665.446636
78665.446636
78665.446636
78665.446636
78665.446636
78665.446636
78665.446636
78665.446636
78665.446636
78665.446636
78665.446636
78665.446636
78665.446636
78665.446636
78665.446636
78665.446636
78665.446636
78665.446636
78665.446636
78665.446636
78665.446636
78665.446636
78665.446636
78665.446636
78665.446636
78665.446636
78665.446636
78665.446636
78665.446636
78665.446636
78665.446636
78665.446636
78665.446636
78665.446636
78665.446636
78665.446636
78665.446636
78665.446636
78665.446636
78665.446636
78665.446636
78665.446636
78665.446636
78665.446636
78665.446636
78665.446636
78665.446636
78665.446636
78665.446636
78665.446636
78665.446636
78665.446636
78665.446636
78665.446636
78665.446636
78665.446636
78665.446636
78665.446636
78665.446636
78665.446636
78665.446636
78665.446636
78665.446636
78665.446636
78665.446636
78665.446636
78665.446636
78665.446636
78665.446636
78665.446636
78665.446636
78665.446636
78665.446636
78665.446636
78665.446636
78665.446636
78665.446636
78665.446636
